<?xml version="1.0" encoding="UTF-8"?>
<!-- Generated by org.testng.reporters.JUnitXMLReporter -->
<testsuite ignored="3" hostname="DESKTOP-CCOTS10" failures="0" tests="4" name="Test" time="11.832" errors="0" timestamp="2023-09-01T08:29:10 IST">
  <testcase classname="com.Guru99Telecom_Utility.BaseClass" name="@BeforeClass setup" time="0.002">
    <failure type="java.lang.NullPointerException" message="Cannot invoke &amp;quot;com.Guru99Telecom_Utility.ConfigDataProvider.getBrowser()&amp;quot; because &amp;quot;this.config&amp;quot; is null">
      <![CDATA[java.lang.NullPointerException: Cannot invoke "com.Guru99Telecom_Utility.ConfigDataProvider.getBrowser()" because "this.config" is null
at com.Guru99Telecom_Utility.BaseClass.setup(BaseClass.java:36)
at java.base/java.util.concurrent.ThreadPoolExecutor.runWorker(ThreadPoolExecutor.java:1144)
at java.base/java.util.concurrent.ThreadPoolExecutor$Worker.run(ThreadPoolExecutor.java:642)
at java.base/java.lang.Thread.run(Thread.java:1589)
... Removed 8 stack frames]]>
    </failure>
  </testcase> <!-- @BeforeClass setup -->
  <testcase classname="com.Guru99Telecom_Utility.BaseClass" name="@AfterMethod tearDownMethod" time="-1.693537138902E9">
    <skipped/>
  </testcase> <!-- @AfterMethod tearDownMethod -->
  <testcase classname="com.Guru99Telecom_Utility.BaseClass" name="@AfterClass tearDown" time="-1.693537138905E9">
    <skipped/>
  </testcase> <!-- @AfterClass tearDown -->
  <testcase classname="com.Guru99Telecom_Utility.BaseClass" name="@BeforeClass setup" time="0.0">
    <failure type="java.lang.NullPointerException" message="Cannot invoke &amp;quot;com.Guru99Telecom_Utility.ConfigDataProvider.getBrowser()&amp;quot; because &amp;quot;this.config&amp;quot; is null">
      <![CDATA[java.lang.NullPointerException: Cannot invoke "com.Guru99Telecom_Utility.ConfigDataProvider.getBrowser()" because "this.config" is null
at com.Guru99Telecom_Utility.BaseClass.setup(BaseClass.java:36)
at java.base/java.util.concurrent.ThreadPoolExecutor.runWorker(ThreadPoolExecutor.java:1144)
at java.base/java.util.concurrent.ThreadPoolExecutor$Worker.run(ThreadPoolExecutor.java:642)
at java.base/java.lang.Thread.run(Thread.java:1589)
... Removed 8 stack frames]]>
    </failure>
  </testcase> <!-- @BeforeClass setup -->
  <testcase classname="com.Guru99Telecom_Utility.BaseClass" name="@AfterMethod tearDownMethod" time="-1.693537138912E9">
    <skipped/>
  </testcase> <!-- @AfterMethod tearDownMethod -->
  <testcase classname="com.Guru99Telecom_Utility.BaseClass" name="@AfterClass tearDown" time="-1.693537138914E9">
    <skipped/>
  </testcase> <!-- @AfterClass tearDown -->
  <testcase classname="com.Guru99Telecom_Utility.BaseClass" name="@BeforeClass setup" time="0.0">
    <failure type="java.lang.NullPointerException" message="Cannot invoke &amp;quot;com.Guru99Telecom_Utility.ConfigDataProvider.getBrowser()&amp;quot; because &amp;quot;this.config&amp;quot; is null">
      <![CDATA[java.lang.NullPointerException: Cannot invoke "com.Guru99Telecom_Utility.ConfigDataProvider.getBrowser()" because "this.config" is null
at com.Guru99Telecom_Utility.BaseClass.setup(BaseClass.java:36)
at java.base/java.util.concurrent.ThreadPoolExecutor.runWorker(ThreadPoolExecutor.java:1144)
at java.base/java.util.concurrent.ThreadPoolExecutor$Worker.run(ThreadPoolExecutor.java:642)
at java.base/java.lang.Thread.run(Thread.java:1589)
... Removed 8 stack frames]]>
    </failure>
  </testcase> <!-- @BeforeClass setup -->
  <testcase classname="com.Guru99Telecom_Utility.BaseClass" name="@AfterMethod tearDownMethod" time="-1.693537138921E9">
    <skipped/>
  </testcase> <!-- @AfterMethod tearDownMethod -->
  <testcase classname="com.Guru99Telecom_Utility.BaseClass" name="@AfterClass tearDown" time="-1.693537138923E9">
    <skipped/>
  </testcase> <!-- @AfterClass tearDown -->
  <testcase classname="com.Guru99Telecom_TC.AddTariffPlan_TC" name="VerifyTariffPlan" time="0.0">
    <skipped/>
  </testcase> <!-- VerifyTariffPlan -->
  <testcase classname="com.Guru99Telecom_TC.PayBilling_TC" name="VerifyPayBilling" time="0.0">
    <skipped/>
  </testcase> <!-- VerifyPayBilling -->
  <testcase classname="com.Guru99Telecom_TC.AddCustomerToTariffPlan_TC" name="VerifyCustomerAddToTariffPlan" time="0.0">
    <skipped/>
  </testcase> <!-- VerifyCustomerAddToTariffPlan -->
  <testcase classname="com.Guru99Telecom_TC.AddCustomer_TC" name="VerifyAddUser" time="3.791"/>
  <testcase classname="com.Guru99Telecom_Utility.BaseClass" name="@BeforeSuite setUpSuite" time="0.0">
    <ignored/>
  </testcase> <!-- @BeforeSuite setUpSuite -->
  <testcase classname="com.Guru99Telecom_Utility.BaseClass" name="@BeforeSuite setUpSuite" time="0.0">
    <ignored/>
  </testcase> <!-- @BeforeSuite setUpSuite -->
  <testcase classname="com.Guru99Telecom_Utility.BaseClass" name="@BeforeSuite setUpSuite" time="0.0">
    <ignored/>
  </testcase> <!-- @BeforeSuite setUpSuite -->
</testsuite> <!-- Test -->
