<?xml version="1.0" encoding="UTF-8"?>
<!-- Generated by org.testng.reporters.JUnitXMLReporter -->
<testsuite ignored="0" hostname="DESKTOP-CCOTS10" failures="0" tests="3" name="Default test" time="17.685" errors="0" timestamp="2024-01-06T18:16:44 IST">
  <testcase classname="com.Guru99Insurance_TC.RegisterUser_TC" name="VerifySignup_Page" time="5.004"/>
  <testcase classname="com.Guru99Insurance_TC.RegisterUser_TC" name="Verify_Login" time="3.249"/>
  <testcase classname="com.Guru99Insurance_TC.RegisterUser_TC" name="Verify_Logout" time="1.744"/>
</testsuite> <!-- Default test -->
